<?xml version="1.0" encoding="utf-8"?><testsuites name="pytest tests"><testsuite name="pytest" errors="0" failures="0" skipped="0" tests="12" time="2.927" timestamp="2026-05-01T18:06:01.518926+00:00" hostname="agent-env-50355759-fb4a-4e5a-98b3-9a81edacb653"><testcase classname="backend.tests.test_phase2" name="test_news_gnews" time="0.639" /><testcase classname="backend.tests.test_phase2" name="test_list_templates_builtin" time="0.080" /><testcase classname="backend.tests.test_phase2" name="test_generate_rkm_receipt_pdf" time="0.087" /><testcase classname="backend.tests.test_phase2" name="test_generate_huf_invoice_pdf" time="0.082" /><testcase classname="backend.tests.test_phase2" name="test_share_telegram_without_link_400" time="0.074" /><testcase classname="backend.tests.test_phase2" name="test_upload_docx_template" time="0.453" /><testcase classname="backend.tests.test_phase2" name="test_reminders_crud_and_ics" time="0.377" /><testcase classname="backend.tests.test_phase2" name="test_tg_status" time="0.459" /><testcase classname="backend.tests.test_phase2" name="test_tg_link_code" time="0.145" /><testcase classname="backend.tests.test_phase2" name="test_tg_send_test_without_link_400" time="0.189" /><testcase classname="backend.tests.test_phase2" name="test_share_statement_loan_without_link_400" time="0.195" /><testcase classname="backend.tests.test_phase2" name="test_dashboard_snapshot_still_works" time="0.080" /></testsuite></testsuites>