<?xml version="1.0" encoding="utf-8"?><testsuites name="pytest tests"><testsuite name="pytest" errors="0" failures="0" skipped="0" tests="16" time="6.204" timestamp="2026-05-01T08:41:16.701156+00:00" hostname="agent-env-50355759-fb4a-4e5a-98b3-9a81edacb653"><testcase classname="backend.tests.backend_test" name="test_healthcheck" time="0.237" /><testcase classname="backend.tests.backend_test" name="test_auth_me" time="0.197" /><testcase classname="backend.tests.backend_test" name="test_auth_unauthenticated_blocked" time="0.050" /><testcase classname="backend.tests.backend_test" name="test_tasks_crud" time="0.339" /><testcase classname="backend.tests.backend_test" name="test_routines_and_summary" time="0.270" /><testcase classname="backend.tests.backend_test" name="test_loans_and_summary" time="0.197" /><testcase classname="backend.tests.backend_test" name="test_transactions_crud_and_summary" time="0.243" /><testcase classname="backend.tests.backend_test" name="test_transactions_upload_csv" time="1.626" /><testcase classname="backend.tests.backend_test" name="test_investments" time="0.151" /><testcase classname="backend.tests.backend_test" name="test_notes_crud_search_pin" time="0.245" /><testcase classname="backend.tests.backend_test" name="test_affirmations" time="0.095" /><testcase classname="backend.tests.backend_test" name="test_dashboard_snapshot" time="0.050" /><testcase classname="backend.tests.backend_test" name="test_weather" time="0.563" /><testcase classname="backend.tests.backend_test" name="test_news" time="0.048" /><testcase classname="backend.tests.backend_test" name="test_ai_chat" time="0.665" /><testcase classname="backend.tests.backend_test" name="test_ai_parse_task" time="1.132" /></testsuite></testsuites>