<?xml version="1.0" encoding="utf-8"?><testsuites name="pytest tests"><testsuite name="pytest" errors="0" failures="0" skipped="0" tests="23" time="7.222" timestamp="2026-05-01T20:03:11.305315+00:00" hostname="agent-env-50355759-fb4a-4e5a-98b3-9a81edacb653"><testcase classname="backend.tests.test_v12.TestAuth" name="test_demo_login_and_me" time="0.264" /><testcase classname="backend.tests.test_v12.TestDeadlines" name="test_create_multiple" time="0.115" /><testcase classname="backend.tests.test_v12.TestDeadlines" name="test_list_contains" time="0.050" /><testcase classname="backend.tests.test_v12.TestDeadlines" name="test_delete" time="0.167" /><testcase classname="backend.tests.test_v12.TestParseBulk" name="test_parse_bulk_task" time="1.373" /><testcase classname="backend.tests.test_v12.TestParseBulk" name="test_parse_bulk_file_csv_expense" time="1.162" /><testcase classname="backend.tests.test_v12.TestSrCompaction" name="test_tasks_compaction" time="0.412" /><testcase classname="backend.tests.test_v12.TestSrCompaction" name="test_loans_compaction" time="0.380" /><testcase classname="backend.tests.test_v12.TestSrCompaction" name="test_investments_compaction" time="0.385" /><testcase classname="backend.tests.test_v12.TestRoutines" name="test_create_block_routine_and_summary" time="0.152" /><testcase classname="backend.tests.test_v12.TestRemindersRecurrence" name="test_recurrence_accepted[quarterly]" time="0.105" /><testcase classname="backend.tests.test_v12.TestRemindersRecurrence" name="test_recurrence_accepted[half-yearly]" time="0.108" /><testcase classname="backend.tests.test_v12.TestRemindersRecurrence" name="test_recurrence_accepted[yearly]" time="0.113" /><testcase classname="backend.tests.test_v12.TestNoteImages" name="test_upload_list_delete" time="0.377" /><testcase classname="backend.tests.test_v12.TestNoteImages" name="test_reject_oversize" time="0.397" /><testcase classname="backend.tests.test_v12.TestRegression" name="test_dashboard_snapshot_has_routine_percent" time="0.055" /><testcase classname="backend.tests.test_v12.TestRegression" name="test_news_headlines" time="0.214" /><testcase classname="backend.tests.test_v12.TestRegression" name="test_telegram_status_configured" time="0.432" /><testcase classname="backend.tests.test_v12.TestRegression" name="test_send_test_branch" time="0.591" /><testcase classname="backend.tests.test_v12.TestRegression" name="test_share_statement_branch" time="0.049" /><testcase classname="backend.tests.test_v12.TestRegression" name="test_documents_templates" time="0.080" /><testcase classname="backend.tests.test_v12.TestRegression" name="test_documents_generate_rkm" time="0.069" /><testcase classname="backend.tests.test_v12.TestRegression" name="test_affirmation_put" time="0.071" /></testsuite></testsuites>