<?xml version="1.0" encoding="utf-8"?><testsuites name="pytest tests"><testsuite name="pytest" errors="0" failures="0" skipped="0" tests="9" time="8.827" timestamp="2026-05-02T19:45:37.927477+00:00" hostname="agent-env-50355759-fb4a-4e5a-98b3-9a81edacb653"><testcase classname="backend.tests.test_v13.TestParseBulkTask" name="test_task_oneword_verb_titlecase_today" time="1.006" /><testcase classname="backend.tests.test_v13.TestParseBulkLoan" name="test_loan_flat_interest" time="1.036" /><testcase classname="backend.tests.test_v13.TestParseBulkLoan" name="test_loan_percent_interest" time="0.950" /><testcase classname="backend.tests.test_v13.TestParseBulkInvestment" name="test_insurance_keyword_routing" time="1.181" /><testcase classname="backend.tests.test_v13.TestInvestmentsKindInsuredFor" name="test_post_insurance_and_patch_kind" time="0.337" /><testcase classname="backend.tests.test_v13.TestInvestmentsKindInsuredFor" name="test_summary_separates_counts" time="0.579" /><testcase classname="backend.tests.test_v13.TestTransactionsUploadDuplicates" name="test_skip_duplicates_returns_pending" time="1.966" /><testcase classname="backend.tests.test_v13.TestParseInvoice" name="test_krm_huf_invoice_subset_keys" time="1.150" /><testcase classname="backend.tests.test_v13.TestLoansInterestType" name="test_loan_fixed_and_percent" time="0.559" /></testsuite></testsuites>