<?xml version="1.0" encoding="utf-8"?><testsuites name="pytest tests"><testsuite name="pytest" errors="0" failures="0" skipped="0" tests="13" time="6.192" timestamp="2026-05-03T09:56:15.781740+00:00" hostname="agent-env-50355759-fb4a-4e5a-98b3-9a81edacb653"><testcase classname="backend.tests.test_v20.TestAuth" name="test_login_wrong_password" time="0.426" /><testcase classname="backend.tests.test_v20.TestAuth" name="test_signup_short_password" time="0.128" /><testcase classname="backend.tests.test_v20.TestAuth" name="test_signup_then_login_roundtrip" time="0.723" /><testcase classname="backend.tests.test_v20.TestAuth" name="test_signup_duplicate_rejected" time="0.115" /><testcase classname="backend.tests.test_v20.TestQuote" name="test_quote_today" time="0.316" /><testcase classname="backend.tests.test_v20.TestAffirmations" name="test_get_and_put_personal_fixed" time="0.714" /><testcase classname="backend.tests.test_v20.TestTasksGroup" name="test_task_accepts_group_and_reorder" time="1.085" /><testcase classname="backend.tests.test_v20.TestRoutinesGroup" name="test_routine_group_custom_frequency_reorder" time="0.694" /><testcase classname="backend.tests.test_v20.TestTransactionsV20" name="test_tx_with_new_fields_and_reorder" time="1.200" /><testcase classname="backend.tests.test_v20.TestLoansInvestmentsWipe" name="test_loans_empty_after_startup" time="0.103" /><testcase classname="backend.tests.test_v20.TestLoansInvestmentsWipe" name="test_investments_empty_after_startup" time="0.105" /><testcase classname="backend.tests.test_v20.TestRemindersSource" name="test_reminder_with_source" time="0.347" /><testcase classname="backend.tests.test_v20.TestReorderGuards" name="test_unsupported_resource_400" time="0.103" /></testsuite></testsuites>