<?xml version="1.0" encoding="utf-8"?><testsuites name="pytest tests"><testsuite name="pytest" errors="0" failures="0" skipped="0" tests="4" time="2.802" timestamp="2026-05-14T20:27:20.731668+00:00" hostname="agent-env-50355759-fb4a-4e5a-98b3-9a81edacb653"><testcase classname="backend.tests.test_v210.TestLoanSummary" name="test_loan_summary_shape_and_emi" time="0.662" /><testcase classname="backend.tests.test_v210.TestAttachments" name="test_upload_list_delete_attachment" time="0.724" /><testcase classname="backend.tests.test_v210.TestAttachments" name="test_attachment_5mb_returns_413" time="0.697" /><testcase classname="backend.tests.test_v210.TestSubtasksCascade" name="test_create_child_and_cascade_delete" time="0.644" /></testsuite></testsuites>