<?xml version="1.0" encoding="utf-8"?><testsuites name="pytest tests"><testsuite name="pytest" errors="0" failures="0" skipped="0" tests="7" time="3.281" timestamp="2026-05-14T20:58:04.580589+00:00" hostname="agent-env-50355759-fb4a-4e5a-98b3-9a81edacb653"><testcase classname="backend.tests.test_v212.TestReportsTimeline" name="test_timeline_returns_array" time="0.646" /><testcase classname="backend.tests.test_v212.TestReportsCashflowMonthly" name="test_cashflow_monthly_shape" time="0.116" /><testcase classname="backend.tests.test_v212.TestReportsPatterns" name="test_patterns_array" time="0.140" /><testcase classname="backend.tests.test_v212.TestReportsBriefing" name="test_briefing_returns_summary_snapshot" time="1.538" /><testcase classname="backend.tests.test_v212.TestRegression" name="test_loan_summary" time="0.107" /><testcase classname="backend.tests.test_v212.TestRegression" name="test_tasks_list" time="0.134" /><testcase classname="backend.tests.test_v212.TestRegression" name="test_notes_patch_tags" time="0.529" /></testsuite></testsuites>