<?xml version="1.0" encoding="utf-8"?><testsuites name="pytest tests"><testsuite name="pytest" errors="0" failures="0" skipped="0" tests="10" time="4.966" timestamp="2026-05-14T21:12:54.344114+00:00" hostname="agent-env-50355759-fb4a-4e5a-98b3-9a81edacb653"><testcase classname="backend.tests.test_v213.TestPWAStatic" name="test_sw_js_served" time="0.266" /><testcase classname="backend.tests.test_v213.TestPWAStatic" name="test_manifest_json_served" time="0.107" /><testcase classname="backend.tests.test_v213.TestPWAStatic" name="test_index_links_manifest" time="0.106" /><testcase classname="backend.tests.test_v213.TestAiPatterns" name="test_ai_patterns_returns_json_array" time="3.605" /><testcase classname="backend.tests.test_v213.TestAiPatterns" name="test_ai_patterns_requires_auth" time="0.119" /><testcase classname="backend.tests.test_v213.TestRegressionV212" name="test_patterns_rule_based" time="0.108" /><testcase classname="backend.tests.test_v213.TestRegressionV212" name="test_timeline" time="0.105" /><testcase classname="backend.tests.test_v213.TestRegressionV212" name="test_cashflow_monthly" time="0.236" /><testcase classname="backend.tests.test_v213.TestRegressionV212" name="test_tasks_list" time="0.106" /><testcase classname="backend.tests.test_v213.TestRegressionV212" name="test_notes_list" time="0.146" /></testsuite></testsuites>