<?xml version="1.0" encoding="utf-8"?><testsuites name="pytest tests"><testsuite name="pytest" errors="0" failures="0" skipped="0" tests="12" time="5.178" timestamp="2026-05-15T13:43:55.756583+00:00" hostname="agent-env-50355759-fb4a-4e5a-98b3-9a81edacb653"><testcase classname="backend.tests.test_v214.TestAuthForgotSecurity" name="test_forgot_returns_no_code" time="0.547" /><testcase classname="backend.tests.test_v214.TestAuthForgotSecurity" name="test_forgot_unknown_email_no_code" time="0.225" /><testcase classname="backend.tests.test_v214.TestNews" name="test_news_default" time="1.186" /><testcase classname="backend.tests.test_v214.TestNews" name="test_news_tech" time="0.720" /><testcase classname="backend.tests.test_v214.TestSeedFirstLogin" name="test_seed_idempotent_when_has_data" time="0.154" /><testcase classname="backend.tests.test_v214.TestCashflowUpcomingPayments" name="test_upcoming_payments_shape" time="0.149" /><testcase classname="backend.tests.test_v214.TestCalendarICS" name="test_ics_feed_authed" time="0.125" /><testcase classname="backend.tests.test_v214.TestCalendarICS" name="test_ics_feed_no_token" time="0.104" /><testcase classname="backend.tests.test_v214.TestUniversalAttachments" name="test_routines_attachment" time="0.348" /><testcase classname="backend.tests.test_v214.TestUniversalAttachments" name="test_transactions_attachment" time="0.366" /><testcase classname="backend.tests.test_v214.TestRegressionFields" name="test_task_flagged_patch" time="0.618" /><testcase classname="backend.tests.test_v214.TestRegressionFields" name="test_transaction_currency_patch" time="0.440" /></testsuite></testsuites>