<?xml version="1.0" encoding="utf-8"?><testsuites name="pytest tests"><testsuite name="pytest" errors="0" failures="0" skipped="0" tests="9" time="4.384" timestamp="2026-05-15T14:09:26.246863+00:00" hostname="agent-env-50355759-fb4a-4e5a-98b3-9a81edacb653"><testcase classname="backend.tests.test_v215.TestFxRates" name="test_fx_rates_returns_200_with_base_rates" time="0.711" /><testcase classname="backend.tests.test_v215.TestFxRates" name="test_fx_rates_has_more_currencies_fallback" time="0.305" /><testcase classname="backend.tests.test_v215.TestFxRates" name="test_fx_rates_requires_auth" time="0.105" /><testcase classname="backend.tests.test_v215.TestCashflowTotals" name="test_totals_returns_categories" time="0.272" /><testcase classname="backend.tests.test_v215.TestCashflowTotals" name="test_currency_conversion_usd_to_inr" time="0.797" /><testcase classname="backend.tests.test_v215.TestReminderParse" name="test_reminder_parse_verb_led" time="1.065" /><testcase classname="backend.tests.test_v215.TestRoutineFlag" name="test_routine_flag_patch_persists" time="0.494" /><testcase classname="backend.tests.test_v215.TestTransactionFlag" name="test_tx_flag_patch_persists" time="0.348" /><testcase classname="backend.tests.test_v215.TestReminderSchema" name="test_reminder_create_supports_notes_recurrence" time="0.228" /></testsuite></testsuites>