<?xml version="1.0" encoding="utf-8"?><testsuites name="pytest tests"><testsuite name="pytest" errors="0" failures="0" skipped="0" tests="5" time="1.697" timestamp="2026-05-15T14:44:10.088699+00:00" hostname="agent-env-50355759-fb4a-4e5a-98b3-9a81edacb653"><testcase classname="backend.tests.test_v216.TestRoutineSubtask" name="test_create_routine_then_subroutine_with_parent_id" time="0.698" /><testcase classname="backend.tests.test_v216.TestTransactionSubtask" name="test_create_transaction_then_split_with_parent_id" time="0.247" /><testcase classname="backend.tests.test_v216.TestAttachmentEndpoints" name="test_task_attachment_upload" time="0.229" /><testcase classname="backend.tests.test_v216.TestAttachmentEndpoints" name="test_routine_attachment_upload" time="0.227" /><testcase classname="backend.tests.test_v216.TestAttachmentEndpoints" name="test_transaction_attachment_upload" time="0.227" /></testsuite></testsuites>