<?xml version="1.0" encoding="utf-8"?><testsuites name="pytest tests"><testsuite name="pytest" errors="0" failures="0" skipped="0" tests="13" time="4.293" timestamp="2026-05-15T15:11:36.833385+00:00" hostname="agent-env-50355759-fb4a-4e5a-98b3-9a81edacb653"><testcase classname="backend.tests.test_v217.TestProjects" name="test_list_includes_default_personal" time="0.638" /><testcase classname="backend.tests.test_v217.TestProjects" name="test_create_update_delete_project" time="0.291" /><testcase classname="backend.tests.test_v217.TestProjects" name="test_default_project_cannot_be_deleted" time="0.121" /><testcase classname="backend.tests.test_v217.TestShareAndMembers" name="test_share_invitee_without_account_then_list_members" time="0.320" /><testcase classname="backend.tests.test_v217.TestComments" name="test_post_and_list_comments" time="0.286" /><testcase classname="backend.tests.test_v217.TestProjectIdFilter" name="test_task_filter_by_project_id" time="0.535" /><testcase classname="backend.tests.test_v217.TestProjectIdFilter" name="test_routines_transactions_filter" time="0.411" /><testcase classname="backend.tests.test_v217.TestStrictSeed" name="test_seed_first_login_is_idempotent_when_data_present" time="0.049" /><testcase classname="backend.tests.test_v217.TestStrictSeed" name="test_reset_seed_requires_confirm" time="0.054" /><testcase classname="backend.tests.test_v217.TestThreeLevelSubtasks" name="test_tasks_three_levels_deep" time="0.359" /><testcase classname="backend.tests.test_v217.TestThreeLevelSubtasks" name="test_routines_three_levels_deep" time="0.307" /><testcase classname="backend.tests.test_v217.TestThreeLevelSubtasks" name="test_transactions_three_levels_deep" time="0.324" /><testcase classname="backend.tests.test_v217.TestOtherCollectionsProjectId" name="test_notes_reminders_deadlines_project_id" time="0.499" /></testsuite></testsuites>