<?xml version="1.0" encoding="utf-8"?><testsuites name="pytest tests"><testsuite name="pytest" errors="0" failures="0" skipped="0" tests="8" time="2.510" timestamp="2026-05-15T15:34:12.604180+00:00" hostname="agent-env-50355759-fb4a-4e5a-98b3-9a81edacb653"><testcase classname="backend.tests.test_v218.TestActivity" name="test_activity_endpoint_returns_list" time="0.462" /><testcase classname="backend.tests.test_v218.TestActivity" name="test_activity_event_shape" time="0.453" /><testcase classname="backend.tests.test_v218.TestActivity" name="test_activity_newest_first" time="0.074" /><testcase classname="backend.tests.test_v218.TestActivity" name="test_activity_only_accessible_projects" time="0.152" /><testcase classname="backend.tests.test_v218.TestActivity" name="test_activity_includes_comment_event" time="0.515" /><testcase classname="backend.tests.test_v218.TestReminderDeadlineProjectDefault" name="test_reminder_without_project_id_defaults_to_personal" time="0.286" /><testcase classname="backend.tests.test_v218.TestReminderDeadlineProjectDefault" name="test_deadline_without_project_id_defaults_to_personal" time="0.284" /><testcase classname="backend.tests.test_v218.TestReminderDeadlineProjectDefault" name="test_note_without_project_id_defaults_to_personal" time="0.214" /></testsuite></testsuites>