<?xml version="1.0" encoding="utf-8"?><testsuites name="pytest tests"><testsuite name="pytest" errors="0" failures="0" skipped="0" tests="8" time="2.307" timestamp="2026-05-15T15:47:30.525224+00:00" hostname="agent-env-50355759-fb4a-4e5a-98b3-9a81edacb653"><testcase classname="backend.tests.test_v219.TestCommentCounts" name="test_counts_returns_dict" time="0.634" /><testcase classname="backend.tests.test_v219.TestCommentCounts" name="test_counts_requires_auth" time="0.149" /><testcase classname="backend.tests.test_v219.TestCommentCounts" name="test_counts_non_member_returns_empty" time="0.047" /><testcase classname="backend.tests.test_v219.TestCommentCounts" name="test_count_increments_after_post" time="0.303" /><testcase classname="backend.tests.test_v219.TestCommentCounts" name="test_resource_type_filter_isolates" time="0.111" /><testcase classname="backend.tests.test_v219.TestCommentLifecycle" name="test_post_then_delete_own_comment" time="0.146" /><testcase classname="backend.tests.test_v219.TestCommentLifecycle" name="test_empty_body_rejected" time="0.051" /><testcase classname="backend.tests.test_v219.TestCommentInActivity" name="test_new_comment_surfaces_in_activity" time="0.778" /></testsuite></testsuites>