<?xml version="1.0" encoding="utf-8"?><testsuites name="pytest tests"><testsuite name="pytest" errors="0" failures="1" skipped="0" tests="13" time="2.498" timestamp="2026-05-15T16:07:39.768378+00:00" hostname="agent-env-50355759-fb4a-4e5a-98b3-9a81edacb653"><testcase classname="backend.tests.test_v220.TestMentionable" name="test_requires_auth" time="0.165" /><testcase classname="backend.tests.test_v220.TestMentionable" name="test_returns_owner_with_expected_shape" time="0.520" /><testcase classname="backend.tests.test_v220.TestMentionable" name="test_karan_is_telegram_linked" time="0.073" /><testcase classname="backend.tests.test_v220.TestMentionable" name="test_non_member_forbidden" time="0.063" /><testcase classname="backend.tests.test_v220.TestMentionedCommentDoesNotBlock" name="test_post_comment_with_mention_returns_200" time="0.695" /><testcase classname="backend.tests.test_v220.TestMentionedCommentDoesNotBlock" name="test_post_comment_without_mention_works" time="0.136" /><testcase classname="backend.tests.test_v220.TestMentionedCommentDoesNotBlock" name="test_unknown_mention_still_succeeds" time="0.129" /><testcase classname="backend.tests.test_v220.TestNoteCommentWiring" name="test_can_post_note_comment" time="0.140" /><testcase classname="backend.tests.test_v220.TestNoteCommentWiring" name="test_counts_endpoint_supports_note_type" time="0.067" /><testcase classname="backend.tests.test_v220.TestNewsCustomUrl" name="test_default_news_returns_source_label" time="0.145" /><testcase classname="backend.tests.test_v220.TestNewsCustomUrl" name="test_custom_url_returns_source_custom" time="0.097"><failure message="AssertionError: expected source='custom' for custom_url=https://hnrss.org/frontpage; got {'category': 'all', 'items': [{'title': 'News unavailable — check your connection', 'url': ''}], 'source': 'fallback'}&#10;assert 'fallback' == 'custom'&#10;  &#10;  - custom&#10;  + fallback">backend/tests/test_v220.py:182: in test_custom_url_returns_source_custom
    assert data["source"] == "custom", (
E   AssertionError: expected source='custom' for custom_url=https://hnrss.org/frontpage; got {'category': 'all', 'items': [{'title': 'News unavailable — check your connection', 'url': ''}], 'source': 'fallback'}
E   assert 'fallback' == 'custom'
E     
E     - custom
E     + fallback</failure></testcase><testcase classname="backend.tests.test_v220.TestNewsCustomUrl" name="test_invalid_custom_url_falls_back" time="0.107" /><testcase classname="backend.tests.test_v220.TestRegressionCommentsCounts" name="test_counts_shape" time="0.069" /></testsuite></testsuites>