<?xml version="1.0" encoding="utf-8"?><testsuites name="pytest tests"><testsuite name="pytest" errors="0" failures="0" skipped="0" tests="6" time="2.129" timestamp="2026-05-15T16:13:14.599647+00:00" hostname="agent-env-50355759-fb4a-4e5a-98b3-9a81edacb653"><testcase classname="backend.tests.test_v220.TestNewsCustomUrl" name="test_default_news_returns_source_label" time="0.568" /><testcase classname="backend.tests.test_v220.TestNewsCustomUrl" name="test_custom_url_returns_source_custom" time="0.364" /><testcase classname="backend.tests.test_v220.TestNewsCustomUrl" name="test_invalid_custom_url_falls_back" time="0.089" /><testcase classname="backend.tests.test_v220.TestNewsCustomUrl" name="test_not_a_url_falls_back_to_google_news" time="0.093" /><testcase classname="backend.tests.test_v220.TestNewsCustomUrl" name="test_bbc_custom_url_returns_source_custom" time="0.224" /><testcase classname="backend.tests.test_v220.TestNewsCustomUrl" name="test_category_tech_returns_google_news" time="0.709" /></testsuite></testsuites>