<?xml version="1.0" encoding="utf-8"?><testsuites name="pytest tests"><testsuite name="pytest" errors="0" failures="0" skipped="0" tests="15" time="4.205" timestamp="2026-05-15T16:32:31.992131+00:00" hostname="agent-env-50355759-fb4a-4e5a-98b3-9a81edacb653"><testcase classname="backend.tests.test_v221.TestDigestSettingsGet" name="test_requires_auth" time="0.295" /><testcase classname="backend.tests.test_v221.TestDigestSettingsGet" name="test_returns_expected_keys" time="0.483" /><testcase classname="backend.tests.test_v221.TestDigestSettingsGet" name="test_karan_is_telegram_linked" time="0.060" /><testcase classname="backend.tests.test_v221.TestDigestSettingsPatch" name="test_persists_enabled_and_hour" time="0.178" /><testcase classname="backend.tests.test_v221.TestDigestSettingsPatch" name="test_clamps_high_hour" time="0.180" /><testcase classname="backend.tests.test_v221.TestDigestSettingsPatch" name="test_clamps_negative_hour" time="0.123" /><testcase classname="backend.tests.test_v221.TestDigestSettingsPatch" name="test_disable_persists" time="0.238" /><testcase classname="backend.tests.test_v221.TestDigestSendNow" name="test_send_now_returns_items_payload" time="0.790" /><testcase classname="backend.tests.test_v221.TestDigestSendNow" name="test_send_now_requires_telegram_linked" time="0.410" /><testcase classname="backend.tests.test_v221.TestDigestLoopWired" name="test_digest_loop_importable" time="0.060" /><testcase classname="backend.tests.test_v221.TestDigestLoopWired" name="test_server_imports_digest_loop" time="0.001" /><testcase classname="backend.tests.test_v221.TestRegression" name="test_mentionable_still_works" time="0.126" /><testcase classname="backend.tests.test_v221.TestRegression" name="test_comment_counts_still_works" time="0.304" /><testcase classname="backend.tests.test_v221.TestRegression" name="test_news_default_still_works" time="0.781" /><testcase classname="backend.tests.test_v221.TestRegression" name="test_activity_feed_endpoint" time="0.068" /></testsuite></testsuites>