<?xml version="1.0" encoding="utf-8"?><testsuites name="pytest tests"><testsuite name="pytest" errors="0" failures="0" skipped="0" tests="6" time="3.173" timestamp="2026-05-15T20:10:58.385417+00:00" hostname="agent-env-50355759-fb4a-4e5a-98b3-9a81edacb653"><testcase classname="backend.tests.test_v222.TestBulkDeleteCompletedTasks" name="test_bulk_delete_completed_tasks_and_compact_sr" time="1.051" /><testcase classname="backend.tests.test_v222.TestBulkDeleteCompletedTasks" name="test_bulk_delete_routines_completed_and_compact_sr" time="0.515" /><testcase classname="backend.tests.test_v222.TestReorderSrSequential" name="test_reorder_tasks_sr_no_is_1_to_n" time="0.761" /><testcase classname="backend.tests.test_v222.TestStrictSeed" name="test_strict_seed_2_2_2_for_fresh_user" time="0.638" /><testcase classname="backend.tests.test_v222.TestSmoke" name="test_auth_me" time="0.062" /><testcase classname="backend.tests.test_v222.TestSmoke" name="test_tasks_list_ok" time="0.062" /></testsuite></testsuites>