<?xml version="1.0" encoding="utf-8"?><testsuites name="pytest tests"><testsuite name="pytest" errors="0" failures="0" skipped="0" tests="12" time="4.260" timestamp="2026-05-16T04:26:27.093322+00:00" hostname="agent-env-50355759-fb4a-4e5a-98b3-9a81edacb653"><testcase classname="backend.tests.test_v223.TestShareInvite" name="test_share_returns_invite_token_and_url" time="0.712" /><testcase classname="backend.tests.test_v223.TestShareInvite" name="test_share_same_email_twice_is_idempotent" time="0.390" /><testcase classname="backend.tests.test_v223.TestInviteLookup" name="test_lookup_is_public_no_auth" time="0.203" /><testcase classname="backend.tests.test_v223.TestInviteLookup" name="test_lookup_bogus_token_returns_404" time="0.165" /><testcase classname="backend.tests.test_v223.TestInviteLookup" name="test_lookup_has_account_true_when_user_exists" time="0.616" /><testcase classname="backend.tests.test_v223.TestInviteAccept" name="test_accept_with_matching_email_succeeds" time="0.796" /><testcase classname="backend.tests.test_v223.TestInviteAccept" name="test_accept_with_mismatched_email_returns_403" time="0.595" /><testcase classname="backend.tests.test_v223.TestInviteAccept" name="test_accept_requires_auth" time="0.212" /><testcase classname="backend.tests.test_v223.TestInviteAccept" name="test_accept_bogus_token_returns_404" time="0.163" /><testcase classname="backend.tests.test_v223.TestRegressionSmoke" name="test_tasks_list_works" time="0.105" /><testcase classname="backend.tests.test_v223.TestRegressionSmoke" name="test_projects_list_works" time="0.108" /><testcase classname="backend.tests.test_v223.TestRegressionSmoke" name="test_routines_list_works" time="0.104" /></testsuite></testsuites>