<?xml version="1.0" encoding="utf-8"?><testsuites name="pytest tests"><testsuite name="pytest" errors="0" failures="0" skipped="0" tests="16" time="8.996" timestamp="2026-05-16T09:41:16.202607+00:00" hostname="agent-env-50355759-fb4a-4e5a-98b3-9a81edacb653"><testcase classname="backend.tests.test_v224.TestTaskAttachments" name="test_under_5mb_file_accepted" time="0.967" /><testcase classname="backend.tests.test_v224.TestTaskAttachments" name="test_over_5mb_file_rejected_413" time="0.481" /><testcase classname="backend.tests.test_v224.TestTaskAttachments" name="test_total_quota_10mb_enforced" time="1.858" /><testcase classname="backend.tests.test_v224.TestUniversalAttachments" name="test_routine_over_5mb_rejected" time="0.466" /><testcase classname="backend.tests.test_v224.TestUniversalAttachments" name="test_transaction_quota_enforced" time="1.888" /><testcase classname="backend.tests.test_v224.TestFilteredExport" name="test_tasks_csv_filtered_by_ids" time="0.485" /><testcase classname="backend.tests.test_v224.TestFilteredExport" name="test_tasks_csv_no_ids_returns_all" time="0.104" /><testcase classname="backend.tests.test_v224.TestFilteredExport" name="test_tasks_pdf_filtered" time="0.103" /><testcase classname="backend.tests.test_v224.TestFilteredExport" name="test_cashflow_csv_filtered" time="0.311" /><testcase classname="backend.tests.test_v224.TestFilteredExport" name="test_routines_csv_filtered" time="0.348" /><testcase classname="backend.tests.test_v224.TestReminderResend" name="test_resend_with_explicit_fire_at" time="0.214" /><testcase classname="backend.tests.test_v224.TestSmoke" name="test_auth_me" time="0.103" /><testcase classname="backend.tests.test_v224.TestSmoke" name="test_list_tasks" time="0.723" /><testcase classname="backend.tests.test_v224.TestSmoke" name="test_list_routines" time="0.100" /><testcase classname="backend.tests.test_v224.TestSmoke" name="test_list_transactions" time="0.658" /><testcase classname="backend.tests.test_v224.TestSmoke" name="test_list_projects" time="0.101" /></testsuite></testsuites>