<?xml version="1.0" encoding="utf-8"?><testsuites name="pytest tests"><testsuite name="pytest" errors="0" failures="0" skipped="0" tests="13" time="7.289" timestamp="2026-05-16T10:36:02.755682+00:00" hostname="agent-env-50355759-fb4a-4e5a-98b3-9a81edacb653"><testcase classname="backend.tests.test_v225.TestCreateSection" name="test_create_returns_full_section_doc" time="0.570" /><testcase classname="backend.tests.test_v225.TestCreateSection" name="test_create_rejects_invalid_module" time="0.123" /><testcase classname="backend.tests.test_v225.TestCreateSection" name="test_create_rejects_blank_name" time="0.101" /><testcase classname="backend.tests.test_v225.TestListSections" name="test_list_returns_ascending_position" time="0.426" /><testcase classname="backend.tests.test_v225.TestPatchSection" name="test_rename_and_reposition" time="0.346" /><testcase classname="backend.tests.test_v225.TestReorderSections" name="test_reorder_assigns_1_to_N" time="0.520" /><testcase classname="backend.tests.test_v225.TestDeleteSectionCascade" name="test_delete_unsets_section_id_on_tasks" time="0.593" /><testcase classname="backend.tests.test_v225.TestDeleteSectionCascade" name="test_delete_section_404_for_missing" time="0.167" /><testcase classname="backend.tests.test_v225.TestPatchTaskSection" name="test_patch_task_section_id_set_and_clear" time="0.670" /><testcase classname="backend.tests.test_v225.TestPatchRoutineSection" name="test_patch_routine_section_id_set_and_clear" time="0.799" /><testcase classname="backend.tests.test_v225.TestPatchTransactionSection" name="test_patch_transaction_section_id_set_and_clear" time="0.805" /><testcase classname="backend.tests.test_v225.TestPermissions" name="test_non_member_get_returns_403" time="0.765" /><testcase classname="backend.tests.test_v225.TestPermissions" name="test_viewer_can_get_but_not_write" time="1.313" /></testsuite></testsuites>