<?xml version="1.0" encoding="utf-8"?><testsuites name="pytest tests"><testsuite name="pytest" errors="0" failures="1" skipped="0" tests="11" time="4.551" timestamp="2026-05-16T10:30:13.485512+00:00" hostname="agent-env-50355759-fb4a-4e5a-98b3-9a81edacb653"><testcase classname="backend.tests.test_v225.TestCreateSection" name="test_create_returns_full_section_doc" time="0.744" /><testcase classname="backend.tests.test_v225.TestCreateSection" name="test_create_rejects_invalid_module" time="0.105" /><testcase classname="backend.tests.test_v225.TestCreateSection" name="test_create_rejects_blank_name" time="0.101" /><testcase classname="backend.tests.test_v225.TestListSections" name="test_list_returns_ascending_position" time="0.428" /><testcase classname="backend.tests.test_v225.TestPatchSection" name="test_rename_and_reposition" time="0.306" /><testcase classname="backend.tests.test_v225.TestReorderSections" name="test_reorder_assigns_1_to_N" time="0.527" /><testcase classname="backend.tests.test_v225.TestDeleteSectionCascade" name="test_delete_unsets_section_id_on_tasks" time="0.418" /><testcase classname="backend.tests.test_v225.TestDeleteSectionCascade" name="test_delete_section_404_for_missing" time="0.114" /><testcase classname="backend.tests.test_v225.TestPatchTaskSection" name="test_patch_task_section_id_set_and_clear" time="0.306"><failure message="AssertionError: assert None == '83f3f3fe-1a91-4be6-be96-4e270c4e8c8c'&#10; +  where None = &lt;built-in method get of dict object at 0xfde4ca6a9500&gt;('section_id')&#10; +    where &lt;built-in method get of dict object at 0xfde4ca6a9500&gt; = {'attachments': [], 'created_at': '2026-05-16T10:30:16.506749+00:00', 'date': '2026-01-15', 'details': '', ...}.get&#10; +      where {'attachments': [], 'created_at': '2026-05-16T10:30:16.506749+00:00', 'date': '2026-01-15', 'details': '', ...} = json()&#10; +        where json = &lt;Response [200]&gt;.json">backend/tests/test_v225.py:306: in test_patch_task_section_id_set_and_clear
    assert r1.json().get("section_id") == sec["id"]
E   AssertionError: assert None == '83f3f3fe-1a91-4be6-be96-4e270c4e8c8c'
E    +  where None = &lt;built-in method get of dict object at 0xfde4ca6a9500&gt;('section_id')
E    +    where &lt;built-in method get of dict object at 0xfde4ca6a9500&gt; = {'attachments': [], 'created_at': '2026-05-16T10:30:16.506749+00:00', 'date': '2026-01-15', 'details': '', ...}.get
E    +      where {'attachments': [], 'created_at': '2026-05-16T10:30:16.506749+00:00', 'date': '2026-01-15', 'details': '', ...} = json()
E    +        where json = &lt;Response [200]&gt;.json</failure></testcase><testcase classname="backend.tests.test_v225.TestPermissions" name="test_non_member_get_returns_403" time="0.544" /><testcase classname="backend.tests.test_v225.TestPermissions" name="test_viewer_can_get_but_not_write" time="0.849" /></testsuite></testsuites>