<?xml version="1.0" encoding="utf-8"?><testsuites name="pytest tests"><testsuite name="pytest" errors="0" failures="0" skipped="0" tests="20" time="5.922" timestamp="2026-05-14T20:10:37.127555+00:00" hostname="agent-env-50355759-fb4a-4e5a-98b3-9a81edacb653"><testcase classname="backend.tests.test_v22.TestSections" name="test_patch_task_section" time="1.134" /><testcase classname="backend.tests.test_v22.TestSections" name="test_patch_routine_section" time="0.247" /><testcase classname="backend.tests.test_v22.TestSections" name="test_patch_transaction_section" time="0.517" /><testcase classname="backend.tests.test_v22.TestExportsCSV" name="test_csv_export[tasks-first_headers0]" time="0.155" /><testcase classname="backend.tests.test_v22.TestExportsCSV" name="test_csv_export[routines-first_headers1]" time="0.222" /><testcase classname="backend.tests.test_v22.TestExportsCSV" name="test_csv_export[cashflow-first_headers2]" time="0.142" /><testcase classname="backend.tests.test_v22.TestExportsCSV" name="test_csv_export[notes-first_headers3]" time="0.145" /><testcase classname="backend.tests.test_v22.TestExportsCSV" name="test_csv_export[reminders-first_headers4]" time="0.222" /><testcase classname="backend.tests.test_v22.TestExportsPDF" name="test_pdf_export[tasks]" time="0.142" /><testcase classname="backend.tests.test_v22.TestExportsPDF" name="test_pdf_export[routines]" time="0.133" /><testcase classname="backend.tests.test_v22.TestExportsPDF" name="test_pdf_export[cashflow]" time="0.146" /><testcase classname="backend.tests.test_v22.TestExportsPDF" name="test_pdf_export[notes]" time="0.147" /><testcase classname="backend.tests.test_v22.TestExportsPDF" name="test_pdf_export[reminders]" time="0.113" /><testcase classname="backend.tests.test_v22.TestEMITransaction" name="test_create_with_emi_and_fetch" time="0.364" /><testcase classname="backend.tests.test_v22.TestTelegramRegex" name="test_delete_regex" time="0.000" /><testcase classname="backend.tests.test_v22.TestTelegramRegex" name="test_complete_regex" time="0.000" /><testcase classname="backend.tests.test_v22.TestTelegramRegex" name="test_yes_no_tokens" time="0.000" /><testcase classname="backend.tests.test_v22.TestTelegramRegex" name="test_tg_module_imports" time="0.000" /><testcase classname="backend.tests.test_v22.TestRegression" name="test_parse_bulk_task" time="1.607" /><testcase classname="backend.tests.test_v22.TestRegression" name="test_login_works" time="0.401" /></testsuite></testsuites>